This file contains any messages produced by compilers while
running configure, to aid debugging if configure makes a mistake.

It was created by ccminer_CPU configure 3.8.0, which was
generated by GNU Autoconf 2.69.  Invocation command line was

  $ ./configure CXXFLAGS=-O3 -D_REENTRANT -falign-functions=16 -falign-jumps=16 -falign-labels=16

## --------- ##
## Platform. ##
## --------- ##

hostname = SID11
uname -m = aarch64
uname -r = 5.10.60-amlogic-meson-lts
uname -s = Linux
uname -v = #trunk SMP PREEMPT Thu Aug 26 08:31:45 UTC 2021

/usr/bin/uname -p = aarch64
/bin/uname -X     = unknown

/bin/arch              = aarch64
/usr/bin/arch -k       = unknown
/usr/convex/getsysinfo = unknown
/usr/bin/hostinfo      = unknown
/bin/machine           = unknown
/usr/bin/oslevel       = unknown
/bin/universe          = unknown

PATH: /usr/local/sbin
PATH: /usr/local/bin
PATH: /usr/sbin
PATH: /usr/bin
PATH: /sbin
PATH: /bin
PATH: /usr/games
PATH: /usr/local/games
PATH: /snap/bin


## ----------- ##
## Core tests. ##
## ----------- ##

configure:2409: checking build system type
configure:2423: result: aarch64-unknown-linux-gnu
configure:2443: checking host system type
configure:2456: result: aarch64-unknown-linux-gnu
configure:2476: checking target system type
configure:2489: result: aarch64-unknown-linux-gnu
configure:2533: checking for a BSD-compatible install
configure:2601: result: /usr/bin/install -c
configure:2612: checking whether build environment is sane
configure:2667: result: yes
configure:2813: checking for a thread-safe mkdir -p
configure:2852: result: /usr/bin/mkdir -p
configure:2859: checking for gawk
configure:2889: result: no
configure:2859: checking for mawk
configure:2875: found /usr/bin/mawk
configure:2886: result: mawk
configure:2897: checking whether make sets $(MAKE)
configure:2919: result: yes
configure:2948: checking whether make supports nested variables
configure:2965: result: yes
configure:3095: checking whether to enable maintainer-specific portions of Makefiles
configure:3104: result: no
configure:3122: checking whether make supports the include directive
configure:3137: make -f confmf.GNU && cat confinc.out
this is the am__doit target
configure:3140: $? = 0
configure:3159: result: yes (GNU style)
configure:3229: checking for gcc
configure:3245: found /usr/bin/gcc
configure:3256: result: gcc
configure:3485: checking for C compiler version
configure:3494: gcc --version >&5
gcc (Ubuntu 10.3.0-1ubuntu1) 10.3.0
Copyright (C) 2020 Free Software Foundation, Inc.
This is free software; see the source for copying conditions.  There is NO
warranty; not even for MERCHANTABILITY or FITNESS FOR A PARTICULAR PURPOSE.

configure:3505: $? = 0
configure:3494: gcc -v >&5
Using built-in specs.
COLLECT_GCC=gcc
COLLECT_LTO_WRAPPER=/usr/lib/gcc/aarch64-linux-gnu/10/lto-wrapper
Target: aarch64-linux-gnu
Configured with: ../src/configure -v --with-pkgversion='Ubuntu 10.3.0-1ubuntu1' --with-bugurl=file:///usr/share/doc/gcc-10/README.Bugs --enable-languages=c,ada,c++,go,d,fortran,objc,obj-c++,m2 --prefix=/usr --with-gcc-major-version-only --program-suffix=-10 --program-prefix=aarch64-linux-gnu- --enable-shared --enable-linker-build-id --libexecdir=/usr/lib --without-included-gettext --enable-threads=posix --libdir=/usr/lib --enable-nls --enable-bootstrap --enable-clocale=gnu --enable-libstdcxx-debug --enable-libstdcxx-time=yes --with-default-libstdcxx-abi=new --enable-gnu-unique-object --disable-libquadmath --disable-libquadmath-support --enable-plugin --enable-default-pie --with-system-zlib --enable-libphobos-checking=release --with-target-system-zlib=auto --enable-objc-gc=auto --enable-multiarch --enable-fix-cortex-a53-843419 --disable-werror --enable-checking=release --build=aarch64-linux-gnu --host=aarch64-linux-gnu --target=aarch64-linux-gnu --with-build-config=bootstrap-lto-lean --enable-link-mutex
Thread model: posix
Supported LTO compression algorithms: zlib zstd
gcc version 10.3.0 (Ubuntu 10.3.0-1ubuntu1) 
configure:3505: $? = 0
configure:3494: gcc -V >&5
gcc: error: unrecognized command-line option '-V'
gcc: fatal error: no input files
compilation terminated.
configure:3505: $? = 1
configure:3494: gcc -qversion >&5
gcc: error: unrecognized command-line option '-qversion'; did you mean '--version'?
gcc: fatal error: no input files
compilation terminated.
configure:3505: $? = 1
configure:3525: checking whether the C compiler works
configure:3547: gcc -O3   conftest.c  >&5
configure:3551: $? = 0
configure:3599: result: yes
configure:3602: checking for C compiler default output file name
configure:3604: result: a.out
configure:3610: checking for suffix of executables
configure:3617: gcc -o conftest -O3   conftest.c  >&5
configure:3621: $? = 0
configure:3643: result: 
configure:3665: checking whether we are cross compiling
configure:3673: gcc -o conftest -O3   conftest.c  >&5
configure:3677: $? = 0
configure:3684: ./conftest
configure:3688: $? = 0
configure:3703: result: no
configure:3708: checking for suffix of object files
configure:3730: gcc -c -O3  conftest.c >&5
configure:3734: $? = 0
configure:3755: result: o
configure:3759: checking whether we are using the GNU C compiler
configure:3778: gcc -c -O3  conftest.c >&5
configure:3778: $? = 0
configure:3787: result: yes
configure:3796: checking whether gcc accepts -g
configure:3816: gcc -c -g  conftest.c >&5
configure:3816: $? = 0
configure:3857: result: yes
configure:3874: checking for gcc option to accept ISO C89
configure:3937: gcc  -c -O3  conftest.c >&5
configure:3937: $? = 0
configure:3950: result: none needed
configure:3975: checking whether gcc understands -c and -o together
configure:3997: gcc -c conftest.c -o conftest2.o
configure:4000: $? = 0
configure:3997: gcc -c conftest.c -o conftest2.o
configure:4000: $? = 0
configure:4012: result: yes
configure:4031: checking dependency style of gcc
configure:4142: result: gcc3
configure:4157: checking for gcc option to accept ISO C99
configure:4306: gcc  -c -O3  conftest.c >&5
configure:4306: $? = 0
configure:4319: result: none needed
configure:4340: checking how to run the C preprocessor
configure:4371: gcc -E  conftest.c
configure:4371: $? = 0
configure:4385: gcc -E  conftest.c
conftest.c:11:10: fatal error: ac_nonexistent.h: No such file or directory
   11 | #include <ac_nonexistent.h>
      |          ^~~~~~~~~~~~~~~~~~
compilation terminated.
configure:4385: $? = 1
configure: failed program was:
| /* confdefs.h */
| #define PACKAGE_NAME "ccminer_CPU"
| #define PACKAGE_TARNAME "ccminer"
| #define PACKAGE_VERSION "3.8.0"
| #define PACKAGE_STRING "ccminer_CPU 3.8.0"
| #define PACKAGE_BUGREPORT ""
| #define PACKAGE_URL "http://github.com/monkins1010/ccminer"
| #define PACKAGE "ccminer"
| #define VERSION "3.8.0"
| /* end confdefs.h.  */
| #include <ac_nonexistent.h>
configure:4410: result: gcc -E
configure:4430: gcc -E  conftest.c
configure:4430: $? = 0
configure:4444: gcc -E  conftest.c
conftest.c:11:10: fatal error: ac_nonexistent.h: No such file or directory
   11 | #include <ac_nonexistent.h>
      |          ^~~~~~~~~~~~~~~~~~
compilation terminated.
configure:4444: $? = 1
configure: failed program was:
| /* confdefs.h */
| #define PACKAGE_NAME "ccminer_CPU"
| #define PACKAGE_TARNAME "ccminer"
| #define PACKAGE_VERSION "3.8.0"
| #define PACKAGE_STRING "ccminer_CPU 3.8.0"
| #define PACKAGE_BUGREPORT ""
| #define PACKAGE_URL "http://github.com/monkins1010/ccminer"
| #define PACKAGE "ccminer"
| #define VERSION "3.8.0"
| /* end confdefs.h.  */
| #include <ac_nonexistent.h>
configure:4473: checking for grep that handles long lines and -e
configure:4531: result: /usr/bin/grep
configure:4536: checking for egrep
configure:4598: result: /usr/bin/grep -E
configure:4604: checking whether gcc needs -traditional
configure:4638: result: no
configure:4655: checking dependency style of gcc
configure:4764: result: gcc3
configure:4822: checking for ranlib
configure:4838: found /usr/bin/ranlib
configure:4849: result: ranlib
configure:4929: checking for g++
configure:4945: found /usr/bin/g++
configure:4956: result: g++
configure:4983: checking for C++ compiler version
configure:4992: g++ --version >&5
g++ (Ubuntu 10.3.0-1ubuntu1) 10.3.0
Copyright (C) 2020 Free Software Foundation, Inc.
This is free software; see the source for copying conditions.  There is NO
warranty; not even for MERCHANTABILITY or FITNESS FOR A PARTICULAR PURPOSE.

configure:5003: $? = 0
configure:4992: g++ -v >&5
Using built-in specs.
COLLECT_GCC=g++
COLLECT_LTO_WRAPPER=/usr/lib/gcc/aarch64-linux-gnu/10/lto-wrapper
Target: aarch64-linux-gnu
Configured with: ../src/configure -v --with-pkgversion='Ubuntu 10.3.0-1ubuntu1' --with-bugurl=file:///usr/share/doc/gcc-10/README.Bugs --enable-languages=c,ada,c++,go,d,fortran,objc,obj-c++,m2 --prefix=/usr --with-gcc-major-version-only --program-suffix=-10 --program-prefix=aarch64-linux-gnu- --enable-shared --enable-linker-build-id --libexecdir=/usr/lib --without-included-gettext --enable-threads=posix --libdir=/usr/lib --enable-nls --enable-bootstrap --enable-clocale=gnu --enable-libstdcxx-debug --enable-libstdcxx-time=yes --with-default-libstdcxx-abi=new --enable-gnu-unique-object --disable-libquadmath --disable-libquadmath-support --enable-plugin --enable-default-pie --with-system-zlib --enable-libphobos-checking=release --with-target-system-zlib=auto --enable-objc-gc=auto --enable-multiarch --enable-fix-cortex-a53-843419 --disable-werror --enable-checking=release --build=aarch64-linux-gnu --host=aarch64-linux-gnu --target=aarch64-linux-gnu --with-build-config=bootstrap-lto-lean --enable-link-mutex
Thread model: posix
Supported LTO compression algorithms: zlib zstd
gcc version 10.3.0 (Ubuntu 10.3.0-1ubuntu1) 
configure:5003: $? = 0
configure:4992: g++ -V >&5
g++: error: unrecognized command-line option '-V'
g++: fatal error: no input files
compilation terminated.
configure:5003: $? = 1
configure:4992: g++ -qversion >&5
g++: error: unrecognized command-line option '-qversion'; did you mean '--version'?
g++: fatal error: no input files
compilation terminated.
configure:5003: $? = 1
configure:5007: checking whether we are using the GNU C++ compiler
configure:5026: g++ -c -O3 -D_REENTRANT -falign-functions=16 -falign-jumps=16 -falign-labels=16  conftest.cpp >&5
configure:5026: $? = 0
configure:5035: result: yes
configure:5044: checking whether g++ accepts -g
configure:5064: g++ -c -g  conftest.cpp >&5
configure:5064: $? = 0
configure:5105: result: yes
configure:5130: checking dependency style of g++
configure:5241: result: gcc3
configure:5264: checking for gcc option to support OpenMP
configure:5279: gcc -o conftest -O3   conftest.c  >&5
conftest.c:13:2: error: unknown type name 'choke'
   13 |  choke me
      |  ^~~~~
conftest.c:13:10: error: expected ';' before 'typedef'
   13 |  choke me
      |          ^
      |          ;
configure:5279: $? = 1
configure: failed program was:
| /* confdefs.h */
| #define PACKAGE_NAME "ccminer_CPU"
| #define PACKAGE_TARNAME "ccminer"
| #define PACKAGE_VERSION "3.8.0"
| #define PACKAGE_STRING "ccminer_CPU 3.8.0"
| #define PACKAGE_BUGREPORT ""
| #define PACKAGE_URL "http://github.com/monkins1010/ccminer"
| #define PACKAGE "ccminer"
| #define VERSION "3.8.0"
| /* end confdefs.h.  */
| 
| #ifndef _OPENMP
|  choke me
| #endif
| #include <omp.h>
| int main () { return omp_get_num_threads (); }
| 
configure:5297: gcc -o conftest -O3 -fopenmp   conftest.c  >&5
configure:5297: $? = 0
configure:5311: result: -fopenmp
configure:5323: checking for ANSI C header files
configure:5343: gcc -c -O3  conftest.c >&5
configure:5343: $? = 0
configure:5416: gcc -o conftest -O3   conftest.c  >&5
configure:5416: $? = 0
configure:5416: ./conftest
configure:5416: $? = 0
configure:5427: result: yes
configure:5440: checking for sys/types.h
configure:5440: gcc -c -O3  conftest.c >&5
configure:5440: $? = 0
configure:5440: result: yes
configure:5440: checking for sys/stat.h
configure:5440: gcc -c -O3  conftest.c >&5
configure:5440: $? = 0
configure:5440: result: yes
configure:5440: checking for stdlib.h
configure:5440: gcc -c -O3  conftest.c >&5
configure:5440: $? = 0
configure:5440: result: yes
configure:5440: checking for string.h
configure:5440: gcc -c -O3  conftest.c >&5
configure:5440: $? = 0
configure:5440: result: yes
configure:5440: checking for memory.h
configure:5440: gcc -c -O3  conftest.c >&5
configure:5440: $? = 0
configure:5440: result: yes
configure:5440: checking for strings.h
configure:5440: gcc -c -O3  conftest.c >&5
configure:5440: $? = 0
configure:5440: result: yes
configure:5440: checking for inttypes.h
configure:5440: gcc -c -O3  conftest.c >&5
configure:5440: $? = 0
configure:5440: result: yes
configure:5440: checking for stdint.h
configure:5440: gcc -c -O3  conftest.c >&5
configure:5440: $? = 0
configure:5440: result: yes
configure:5440: checking for unistd.h
configure:5440: gcc -c -O3  conftest.c >&5
configure:5440: $? = 0
configure:5440: result: yes
configure:5455: checking sys/endian.h usability
configure:5455: gcc -c -O3  conftest.c >&5
conftest.c:54:10: fatal error: sys/endian.h: No such file or directory
   54 | #include <sys/endian.h>
      |          ^~~~~~~~~~~~~~
compilation terminated.
configure:5455: $? = 1
configure: failed program was:
| /* confdefs.h */
| #define PACKAGE_NAME "ccminer_CPU"
| #define PACKAGE_TARNAME "ccminer"
| #define PACKAGE_VERSION "3.8.0"
| #define PACKAGE_STRING "ccminer_CPU 3.8.0"
| #define PACKAGE_BUGREPORT ""
| #define PACKAGE_URL "http://github.com/monkins1010/ccminer"
| #define PACKAGE "ccminer"
| #define VERSION "3.8.0"
| #define STDC_HEADERS 1
| #define HAVE_SYS_TYPES_H 1
| #define HAVE_SYS_STAT_H 1
| #define HAVE_STDLIB_H 1
| #define HAVE_STRING_H 1
| #define HAVE_MEMORY_H 1
| #define HAVE_STRINGS_H 1
| #define HAVE_INTTYPES_H 1
| #define HAVE_STDINT_H 1
| #define HAVE_UNISTD_H 1
| /* end confdefs.h.  */
| #include <stdio.h>
| #ifdef HAVE_SYS_TYPES_H
| # include <sys/types.h>
| #endif
| #ifdef HAVE_SYS_STAT_H
| # include <sys/stat.h>
| #endif
| #ifdef STDC_HEADERS
| # include <stdlib.h>
| # include <stddef.h>
| #else
| # ifdef HAVE_STDLIB_H
| #  include <stdlib.h>
| # endif
| #endif
| #ifdef HAVE_STRING_H
| # if !defined STDC_HEADERS && defined HAVE_MEMORY_H
| #  include <memory.h>
| # endif
| # include <string.h>
| #endif
| #ifdef HAVE_STRINGS_H
| # include <strings.h>
| #endif
| #ifdef HAVE_INTTYPES_H
| # include <inttypes.h>
| #endif
| #ifdef HAVE_STDINT_H
| # include <stdint.h>
| #endif
| #ifdef HAVE_UNISTD_H
| # include <unistd.h>
| #endif
| #include <sys/endian.h>
configure:5455: result: no
configure:5455: checking sys/endian.h presence
configure:5455: gcc -E  conftest.c
conftest.c:21:10: fatal error: sys/endian.h: No such file or directory
   21 | #include <sys/endian.h>
      |          ^~~~~~~~~~~~~~
compilation terminated.
configure:5455: $? = 1
configure: failed program was:
| /* confdefs.h */
| #define PACKAGE_NAME "ccminer_CPU"
| #define PACKAGE_TARNAME "ccminer"
| #define PACKAGE_VERSION "3.8.0"
| #define PACKAGE_STRING "ccminer_CPU 3.8.0"
| #define PACKAGE_BUGREPORT ""
| #define PACKAGE_URL "http://github.com/monkins1010/ccminer"
| #define PACKAGE "ccminer"
| #define VERSION "3.8.0"
| #define STDC_HEADERS 1
| #define HAVE_SYS_TYPES_H 1
| #define HAVE_SYS_STAT_H 1
| #define HAVE_STDLIB_H 1
| #define HAVE_STRING_H 1
| #define HAVE_MEMORY_H 1
| #define HAVE_STRINGS_H 1
| #define HAVE_INTTYPES_H 1
| #define HAVE_STDINT_H 1
| #define HAVE_UNISTD_H 1
| /* end confdefs.h.  */
| #include <sys/endian.h>
configure:5455: result: no
configure:5455: checking for sys/endian.h
configure:5455: result: no
configure:5455: checking sys/param.h usability
configure:5455: gcc -c -O3  conftest.c >&5
configure:5455: $? = 0
configure:5455: result: yes
configure:5455: checking sys/param.h presence
configure:5455: gcc -E  conftest.c
configure:5455: $? = 0
configure:5455: result: yes
configure:5455: checking for sys/param.h
configure:5455: result: yes
configure:5455: checking syslog.h usability
configure:5455: gcc -c -O3  conftest.c >&5
configure:5455: $? = 0
configure:5455: result: yes
configure:5455: checking syslog.h presence
configure:5455: gcc -E  conftest.c
configure:5455: $? = 0
configure:5455: result: yes
configure:5455: checking for syslog.h
configure:5455: result: yes
configure:5469: checking for sys/sysctl.h
configure:5469: gcc -c -O3  conftest.c >&5
conftest.c:29:10: fatal error: sys/sysctl.h: No such file or directory
   29 | #include <sys/sysctl.h>
      |          ^~~~~~~~~~~~~~
compilation terminated.
configure:5469: $? = 1
configure: failed program was:
| /* confdefs.h */
| #define PACKAGE_NAME "ccminer_CPU"
| #define PACKAGE_TARNAME "ccminer"
| #define PACKAGE_VERSION "3.8.0"
| #define PACKAGE_STRING "ccminer_CPU 3.8.0"
| #define PACKAGE_BUGREPORT ""
| #define PACKAGE_URL "http://github.com/monkins1010/ccminer"
| #define PACKAGE "ccminer"
| #define VERSION "3.8.0"
| #define STDC_HEADERS 1
| #define HAVE_SYS_TYPES_H 1
| #define HAVE_SYS_STAT_H 1
| #define HAVE_STDLIB_H 1
| #define HAVE_STRING_H 1
| #define HAVE_MEMORY_H 1
| #define HAVE_STRINGS_H 1
| #define HAVE_INTTYPES_H 1
| #define HAVE_STDINT_H 1
| #define HAVE_UNISTD_H 1
| #define HAVE_SYS_PARAM_H 1
| #define HAVE_SYSLOG_H 1
| /* end confdefs.h.  */
| #include <sys/types.h>
| #ifdef HAVE_SYS_PARAM_H
| #include <sys/param.h>
| #endif
| 
| 
| #include <sys/sysctl.h>
configure:5469: result: no
configure:5485: checking whether be32dec is declared
configure:5485: gcc -c -O3  conftest.c >&5
conftest.c: In function 'main':
conftest.c:68:10: error: 'be32dec' undeclared (first use in this function)
   68 |   (void) be32dec;
      |          ^~~~~~~
conftest.c:68:10: note: each undeclared identifier is reported only once for each function it appears in
configure:5485: $? = 1
configure: failed program was:
| /* confdefs.h */
| #define PACKAGE_NAME "ccminer_CPU"
| #define PACKAGE_TARNAME "ccminer"
| #define PACKAGE_VERSION "3.8.0"
| #define PACKAGE_STRING "ccminer_CPU 3.8.0"
| #define PACKAGE_BUGREPORT ""
| #define PACKAGE_URL "http://github.com/monkins1010/ccminer"
| #define PACKAGE "ccminer"
| #define VERSION "3.8.0"
| #define STDC_HEADERS 1
| #define HAVE_SYS_TYPES_H 1
| #define HAVE_SYS_STAT_H 1
| #define HAVE_STDLIB_H 1
| #define HAVE_STRING_H 1
| #define HAVE_MEMORY_H 1
| #define HAVE_STRINGS_H 1
| #define HAVE_INTTYPES_H 1
| #define HAVE_STDINT_H 1
| #define HAVE_UNISTD_H 1
| #define HAVE_SYS_PARAM_H 1
| #define HAVE_SYSLOG_H 1
| /* end confdefs.h.  */
| #include <stdio.h>
| #ifdef HAVE_SYS_TYPES_H
| # include <sys/types.h>
| #endif
| #ifdef HAVE_SYS_STAT_H
| # include <sys/stat.h>
| #endif
| #ifdef STDC_HEADERS
| # include <stdlib.h>
| # include <stddef.h>
| #else
| # ifdef HAVE_STDLIB_H
| #  include <stdlib.h>
| # endif
| #endif
| #ifdef HAVE_STRING_H
| # if !defined STDC_HEADERS && defined HAVE_MEMORY_H
| #  include <memory.h>
| # endif
| # include <string.h>
| #endif
| #ifdef HAVE_STRINGS_H
| # include <strings.h>
| #endif
| #ifdef HAVE_INTTYPES_H
| # include <inttypes.h>
| #endif
| #ifdef HAVE_STDINT_H
| # include <stdint.h>
| #endif
| #ifdef HAVE_UNISTD_H
| # include <unistd.h>
| #endif
| #ifdef HAVE_SYS_ENDIAN_H
| #include <sys/endian.h>
| #endif
| 
| 
| int
| main ()
| {
| #ifndef be32dec
| #ifdef __cplusplus
|   (void) be32dec;
| #else
|   (void) be32dec;
| #endif
| #endif
| 
|   ;
|   return 0;
| }
configure:5485: result: no
configure:5500: checking whether le32dec is declared
configure:5500: gcc -c -O3  conftest.c >&5
conftest.c: In function 'main':
conftest.c:69:10: error: 'le32dec' undeclared (first use in this function)
   69 |   (void) le32dec;
      |          ^~~~~~~
conftest.c:69:10: note: each undeclared identifier is reported only once for each function it appears in
configure:5500: $? = 1
configure: failed program was:
| /* confdefs.h */
| #define PACKAGE_NAME "ccminer_CPU"
| #define PACKAGE_TARNAME "ccminer"
| #define PACKAGE_VERSION "3.8.0"
| #define PACKAGE_STRING "ccminer_CPU 3.8.0"
| #define PACKAGE_BUGREPORT ""
| #define PACKAGE_URL "http://github.com/monkins1010/ccminer"
| #define PACKAGE "ccminer"
| #define VERSION "3.8.0"
| #define STDC_HEADERS 1
| #define HAVE_SYS_TYPES_H 1
| #define HAVE_SYS_STAT_H 1
| #define HAVE_STDLIB_H 1
| #define HAVE_STRING_H 1
| #define HAVE_MEMORY_H 1
| #define HAVE_STRINGS_H 1
| #define HAVE_INTTYPES_H 1
| #define HAVE_STDINT_H 1
| #define HAVE_UNISTD_H 1
| #define HAVE_SYS_PARAM_H 1
| #define HAVE_SYSLOG_H 1
| #define HAVE_DECL_BE32DEC 0
| /* end confdefs.h.  */
| #include <stdio.h>
| #ifdef HAVE_SYS_TYPES_H
| # include <sys/types.h>
| #endif
| #ifdef HAVE_SYS_STAT_H
| # include <sys/stat.h>
| #endif
| #ifdef STDC_HEADERS
| # include <stdlib.h>
| # include <stddef.h>
| #else
| # ifdef HAVE_STDLIB_H
| #  include <stdlib.h>
| # endif
| #endif
| #ifdef HAVE_STRING_H
| # if !defined STDC_HEADERS && defined HAVE_MEMORY_H
| #  include <memory.h>
| # endif
| # include <string.h>
| #endif
| #ifdef HAVE_STRINGS_H
| # include <strings.h>
| #endif
| #ifdef HAVE_INTTYPES_H
| # include <inttypes.h>
| #endif
| #ifdef HAVE_STDINT_H
| # include <stdint.h>
| #endif
| #ifdef HAVE_UNISTD_H
| # include <unistd.h>
| #endif
| #ifdef HAVE_SYS_ENDIAN_H
| #include <sys/endian.h>
| #endif
| 
| 
| int
| main ()
| {
| #ifndef le32dec
| #ifdef __cplusplus
|   (void) le32dec;
| #else
|   (void) le32dec;
| #endif
| #endif
| 
|   ;
|   return 0;
| }
configure:5500: result: no
configure:5515: checking whether be32enc is declared
configure:5515: gcc -c -O3  conftest.c >&5
conftest.c: In function 'main':
conftest.c:70:10: error: 'be32enc' undeclared (first use in this function)
   70 |   (void) be32enc;
      |          ^~~~~~~
conftest.c:70:10: note: each undeclared identifier is reported only once for each function it appears in
configure:5515: $? = 1
configure: failed program was:
| /* confdefs.h */
| #define PACKAGE_NAME "ccminer_CPU"
| #define PACKAGE_TARNAME "ccminer"
| #define PACKAGE_VERSION "3.8.0"
| #define PACKAGE_STRING "ccminer_CPU 3.8.0"
| #define PACKAGE_BUGREPORT ""
| #define PACKAGE_URL "http://github.com/monkins1010/ccminer"
| #define PACKAGE "ccminer"
| #define VERSION "3.8.0"
| #define STDC_HEADERS 1
| #define HAVE_SYS_TYPES_H 1
| #define HAVE_SYS_STAT_H 1
| #define HAVE_STDLIB_H 1
| #define HAVE_STRING_H 1
| #define HAVE_MEMORY_H 1
| #define HAVE_STRINGS_H 1
| #define HAVE_INTTYPES_H 1
| #define HAVE_STDINT_H 1
| #define HAVE_UNISTD_H 1
| #define HAVE_SYS_PARAM_H 1
| #define HAVE_SYSLOG_H 1
| #define HAVE_DECL_BE32DEC 0
| #define HAVE_DECL_LE32DEC 0
| /* end confdefs.h.  */
| #include <stdio.h>
| #ifdef HAVE_SYS_TYPES_H
| # include <sys/types.h>
| #endif
| #ifdef HAVE_SYS_STAT_H
| # include <sys/stat.h>
| #endif
| #ifdef STDC_HEADERS
| # include <stdlib.h>
| # include <stddef.h>
| #else
| # ifdef HAVE_STDLIB_H
| #  include <stdlib.h>
| # endif
| #endif
| #ifdef HAVE_STRING_H
| # if !defined STDC_HEADERS && defined HAVE_MEMORY_H
| #  include <memory.h>
| # endif
| # include <string.h>
| #endif
| #ifdef HAVE_STRINGS_H
| # include <strings.h>
| #endif
| #ifdef HAVE_INTTYPES_H
| # include <inttypes.h>
| #endif
| #ifdef HAVE_STDINT_H
| # include <stdint.h>
| #endif
| #ifdef HAVE_UNISTD_H
| # include <unistd.h>
| #endif
| #ifdef HAVE_SYS_ENDIAN_H
| #include <sys/endian.h>
| #endif
| 
| 
| int
| main ()
| {
| #ifndef be32enc
| #ifdef __cplusplus
|   (void) be32enc;
| #else
|   (void) be32enc;
| #endif
| #endif
| 
|   ;
|   return 0;
| }
configure:5515: result: no
configure:5530: checking whether le32enc is declared
configure:5530: gcc -c -O3  conftest.c >&5
conftest.c: In function 'main':
conftest.c:71:10: error: 'le32enc' undeclared (first use in this function)
   71 |   (void) le32enc;
      |          ^~~~~~~
conftest.c:71:10: note: each undeclared identifier is reported only once for each function it appears in
configure:5530: $? = 1
configure: failed program was:
| /* confdefs.h */
| #define PACKAGE_NAME "ccminer_CPU"
| #define PACKAGE_TARNAME "ccminer"
| #define PACKAGE_VERSION "3.8.0"
| #define PACKAGE_STRING "ccminer_CPU 3.8.0"
| #define PACKAGE_BUGREPORT ""
| #define PACKAGE_URL "http://github.com/monkins1010/ccminer"
| #define PACKAGE "ccminer"
| #define VERSION "3.8.0"
| #define STDC_HEADERS 1
| #define HAVE_SYS_TYPES_H 1
| #define HAVE_SYS_STAT_H 1
| #define HAVE_STDLIB_H 1
| #define HAVE_STRING_H 1
| #define HAVE_MEMORY_H 1
| #define HAVE_STRINGS_H 1
| #define HAVE_INTTYPES_H 1
| #define HAVE_STDINT_H 1
| #define HAVE_UNISTD_H 1
| #define HAVE_SYS_PARAM_H 1
| #define HAVE_SYSLOG_H 1
| #define HAVE_DECL_BE32DEC 0
| #define HAVE_DECL_LE32DEC 0
| #define HAVE_DECL_BE32ENC 0
| /* end confdefs.h.  */
| #include <stdio.h>
| #ifdef HAVE_SYS_TYPES_H
| # include <sys/types.h>
| #endif
| #ifdef HAVE_SYS_STAT_H
| # include <sys/stat.h>
| #endif
| #ifdef STDC_HEADERS
| # include <stdlib.h>
| # include <stddef.h>
| #else
| # ifdef HAVE_STDLIB_H
| #  include <stdlib.h>
| # endif
| #endif
| #ifdef HAVE_STRING_H
| # if !defined STDC_HEADERS && defined HAVE_MEMORY_H
| #  include <memory.h>
| # endif
| # include <string.h>
| #endif
| #ifdef HAVE_STRINGS_H
| # include <strings.h>
| #endif
| #ifdef HAVE_INTTYPES_H
| # include <inttypes.h>
| #endif
| #ifdef HAVE_STDINT_H
| # include <stdint.h>
| #endif
| #ifdef HAVE_UNISTD_H
| # include <unistd.h>
| #endif
| #ifdef HAVE_SYS_ENDIAN_H
| #include <sys/endian.h>
| #endif
| 
| 
| int
| main ()
| {
| #ifndef le32enc
| #ifdef __cplusplus
|   (void) le32enc;
| #else
|   (void) le32enc;
| #endif
| #endif
| 
|   ;
|   return 0;
| }
configure:5530: result: no
configure:5547: checking for size_t
configure:5547: gcc -c -O3  conftest.c >&5
configure:5547: $? = 0
configure:5547: gcc -c -O3  conftest.c >&5
conftest.c: In function 'main':
conftest.c:63:21: error: expected expression before ')' token
   63 | if (sizeof ((size_t)))
      |                     ^
configure:5547: $? = 1
configure: failed program was:
| /* confdefs.h */
| #define PACKAGE_NAME "ccminer_CPU"
| #define PACKAGE_TARNAME "ccminer"
| #define PACKAGE_VERSION "3.8.0"
| #define PACKAGE_STRING "ccminer_CPU 3.8.0"
| #define PACKAGE_BUGREPORT ""
| #define PACKAGE_URL "http://github.com/monkins1010/ccminer"
| #define PACKAGE "ccminer"
| #define VERSION "3.8.0"
| #define STDC_HEADERS 1
| #define HAVE_SYS_TYPES_H 1
| #define HAVE_SYS_STAT_H 1
| #define HAVE_STDLIB_H 1
| #define HAVE_STRING_H 1
| #define HAVE_MEMORY_H 1
| #define HAVE_STRINGS_H 1
| #define HAVE_INTTYPES_H 1
| #define HAVE_STDINT_H 1
| #define HAVE_UNISTD_H 1
| #define HAVE_SYS_PARAM_H 1
| #define HAVE_SYSLOG_H 1
| #define HAVE_DECL_BE32DEC 0
| #define HAVE_DECL_LE32DEC 0
| #define HAVE_DECL_BE32ENC 0
| #define HAVE_DECL_LE32ENC 0
| /* end confdefs.h.  */
| #include <stdio.h>
| #ifdef HAVE_SYS_TYPES_H
| # include <sys/types.h>
| #endif
| #ifdef HAVE_SYS_STAT_H
| # include <sys/stat.h>
| #endif
| #ifdef STDC_HEADERS
| # include <stdlib.h>
| # include <stddef.h>
| #else
| # ifdef HAVE_STDLIB_H
| #  include <stdlib.h>
| # endif
| #endif
| #ifdef HAVE_STRING_H
| # if !defined STDC_HEADERS && defined HAVE_MEMORY_H
| #  include <memory.h>
| # endif
| # include <string.h>
| #endif
| #ifdef HAVE_STRINGS_H
| # include <strings.h>
| #endif
| #ifdef HAVE_INTTYPES_H
| # include <inttypes.h>
| #endif
| #ifdef HAVE_STDINT_H
| # include <stdint.h>
| #endif
| #ifdef HAVE_UNISTD_H
| # include <unistd.h>
| #endif
| int
| main ()
| {
| if (sizeof ((size_t)))
| 	    return 0;
|   ;
|   return 0;
| }
configure:5547: result: yes
configure:5560: checking for working alloca.h
configure:5577: gcc -o conftest -O3   conftest.c  >&5
configure:5577: $? = 0
configure:5585: result: yes
configure:5593: checking for alloca
configure:5630: gcc -o conftest -O3   conftest.c  >&5
configure:5630: $? = 0
configure:5638: result: yes
configure:5746: checking for getopt_long
configure:5746: gcc -o conftest -O3   conftest.c  >&5
configure:5746: $? = 0
configure:5746: result: yes
configure:5785: checking for json_loads in -ljansson
configure:5810: gcc -o conftest -O3   conftest.c -ljansson   >&5
configure:5810: $? = 0
configure:5819: result: yes
configure:5827: checking for pthread_create in -lpthread
configure:5852: gcc -o conftest -O3   conftest.c -lpthread   >&5
configure:5852: $? = 0
configure:5861: result: yes
configure:5992: checking for gzopen in -lz
configure:6017: gcc -o conftest -O3   conftest.c -lz   >&5
/usr/bin/ld: cannot find -lz
collect2: error: ld returned 1 exit status
configure:6017: $? = 1
configure: failed program was:
| /* confdefs.h */
| #define PACKAGE_NAME "ccminer_CPU"
| #define PACKAGE_TARNAME "ccminer"
| #define PACKAGE_VERSION "3.8.0"
| #define PACKAGE_STRING "ccminer_CPU 3.8.0"
| #define PACKAGE_BUGREPORT ""
| #define PACKAGE_URL "http://github.com/monkins1010/ccminer"
| #define PACKAGE "ccminer"
| #define VERSION "3.8.0"
| #define STDC_HEADERS 1
| #define HAVE_SYS_TYPES_H 1
| #define HAVE_SYS_STAT_H 1
| #define HAVE_STDLIB_H 1
| #define HAVE_STRING_H 1
| #define HAVE_MEMORY_H 1
| #define HAVE_STRINGS_H 1
| #define HAVE_INTTYPES_H 1
| #define HAVE_STDINT_H 1
| #define HAVE_UNISTD_H 1
| #define HAVE_SYS_PARAM_H 1
| #define HAVE_SYSLOG_H 1
| #define HAVE_DECL_BE32DEC 0
| #define HAVE_DECL_LE32DEC 0
| #define HAVE_DECL_BE32ENC 0
| #define HAVE_DECL_LE32ENC 0
| #define HAVE_ALLOCA_H 1
| #define HAVE_ALLOCA 1
| #define HAVE_GETOPT_LONG 1
| /* end confdefs.h.  */
| 
| /* Override any GCC internal prototype to avoid an error.
|    Use char because int might match the return type of a GCC
|    builtin and then its argument prototype would still apply.  */
| #ifdef __cplusplus
| extern "C"
| #endif
| char gzopen ();
| int
| main ()
| {
| return gzopen ();
|   ;
|   return 0;
| }
configure:6026: result: no
configure:6037: checking for SSL_free in -lssl
configure:6062: gcc -o conftest -O3   conftest.c -lssl   >&5
configure:6062: $? = 0
configure:6071: result: yes
configure:6084: checking for EVP_DigestFinal_ex in -lcrypto
configure:6109: gcc -o conftest -O3   conftest.c -lcrypto  -lssl  >&5
configure:6109: $? = 0
configure:6118: result: yes
configure:6174: checking for an Android system
configure:6190: gcc -E  conftest.c
conftest.c:33:2: error: #error __ANDROID__ not defined
   33 | #error __ANDROID__ not defined
      |  ^~~~~
configure:6190: $? = 1
configure: failed program was:
| /* confdefs.h */
| #define PACKAGE_NAME "ccminer_CPU"
| #define PACKAGE_TARNAME "ccminer"
| #define PACKAGE_VERSION "3.8.0"
| #define PACKAGE_STRING "ccminer_CPU 3.8.0"
| #define PACKAGE_BUGREPORT ""
| #define PACKAGE_URL "http://github.com/monkins1010/ccminer"
| #define PACKAGE "ccminer"
| #define VERSION "3.8.0"
| #define STDC_HEADERS 1
| #define HAVE_SYS_TYPES_H 1
| #define HAVE_SYS_STAT_H 1
| #define HAVE_STDLIB_H 1
| #define HAVE_STRING_H 1
| #define HAVE_MEMORY_H 1
| #define HAVE_STRINGS_H 1
| #define HAVE_INTTYPES_H 1
| #define HAVE_STDINT_H 1
| #define HAVE_UNISTD_H 1
| #define HAVE_SYS_PARAM_H 1
| #define HAVE_SYSLOG_H 1
| #define HAVE_DECL_BE32DEC 0
| #define HAVE_DECL_LE32DEC 0
| #define HAVE_DECL_BE32ENC 0
| #define HAVE_DECL_LE32ENC 0
| #define HAVE_ALLOCA_H 1
| #define HAVE_ALLOCA 1
| #define HAVE_GETOPT_LONG 1
| #define HAVE_LIBSSL 1
| #define HAVE_LIBCRYPTO 1
| /* end confdefs.h.  */
| #ifndef __ANDROID__
| #error __ANDROID__ not defined
| #endif
| 
| int
| main ()
| {
| ;
|   ;
|   return 0;
| }
configure:6194: result: no
configure:6253: checking for gawk
configure:6280: result: mawk
configure:6342: checking for curl-config
configure:6360: found /usr/bin/curl-config
configure:6372: result: /usr/bin/curl-config
configure:6383: checking for the version of libcurl
configure:6390: result: 7.74.0
configure:6397: checking for libcurl >= version 7.15.2
configure:6410: result: yes
configure:6451: checking whether libcurl is usable
configure:6485: gcc -o conftest -O3    conftest.c -lcurl -lcrypto -lssl  >&5
configure:6485: $? = 0
configure:6499: result: yes
configure:6512: checking for curl_free
configure:6512: gcc -o conftest -O3    conftest.c -lcrypto -lssl  -lcurl >&5
configure:6512: $? = 0
configure:6512: result: yes
configure:6773: checking that generated files are newer than configure
configure:6779: result: done
configure:6842: creating ./config.status

## ---------------------- ##
## Running config.status. ##
## ---------------------- ##

This file was extended by ccminer_CPU config.status 3.8.0, which was
generated by GNU Autoconf 2.69.  Invocation command line was

  CONFIG_FILES    = 
  CONFIG_HEADERS  = 
  CONFIG_LINKS    = 
  CONFIG_COMMANDS = 
  $ ./config.status 

on SID11

config.status:965: creating Makefile
config.status:965: creating compat/Makefile
config.status:965: creating compat/jansson/Makefile
config.status:965: creating ccminer-config.h
config.status:1194: executing depfiles commands
config.status:1271: cd .       && sed -e '/# am--include-marker/d' Makefile         | make -f - am--depfiles
config.status:1276: $? = 0
config.status:1271: cd compat/jansson       && sed -e '/# am--include-marker/d' Makefile         | make -f - am--depfiles
config.status:1276: $? = 0

## ---------------- ##
## Cache variables. ##
## ---------------- ##

ac_cv_build=aarch64-unknown-linux-gnu
ac_cv_c_compiler_gnu=yes
ac_cv_cxx_compiler_gnu=yes
ac_cv_env_CCASFLAGS_set=
ac_cv_env_CCASFLAGS_value=
ac_cv_env_CCAS_set=
ac_cv_env_CCAS_value=
ac_cv_env_CCC_set=
ac_cv_env_CCC_value=
ac_cv_env_CC_set=
ac_cv_env_CC_value=
ac_cv_env_CFLAGS_set=set
ac_cv_env_CFLAGS_value=-O3
ac_cv_env_CPPFLAGS_set=
ac_cv_env_CPPFLAGS_value=
ac_cv_env_CPP_set=
ac_cv_env_CPP_value=
ac_cv_env_CXXFLAGS_set=set
ac_cv_env_CXXFLAGS_value='-O3 -D_REENTRANT -falign-functions=16 -falign-jumps=16 -falign-labels=16'
ac_cv_env_CXX_set=
ac_cv_env_CXX_value=
ac_cv_env_LDFLAGS_set=
ac_cv_env_LDFLAGS_value=
ac_cv_env_LIBS_set=
ac_cv_env_LIBS_value=
ac_cv_env_build_alias_set=
ac_cv_env_build_alias_value=
ac_cv_env_host_alias_set=
ac_cv_env_host_alias_value=
ac_cv_env_target_alias_set=
ac_cv_env_target_alias_value=
ac_cv_func_alloca_works=yes
ac_cv_func_curl_free=yes
ac_cv_func_getopt_long=yes
ac_cv_have_decl_be32dec=no
ac_cv_have_decl_be32enc=no
ac_cv_have_decl_le32dec=no
ac_cv_have_decl_le32enc=no
ac_cv_header_inttypes_h=yes
ac_cv_header_memory_h=yes
ac_cv_header_stdc=yes
ac_cv_header_stdint_h=yes
ac_cv_header_stdlib_h=yes
ac_cv_header_string_h=yes
ac_cv_header_strings_h=yes
ac_cv_header_sys_endian_h=no
ac_cv_header_sys_param_h=yes
ac_cv_header_sys_stat_h=yes
ac_cv_header_sys_sysctl_h=no
ac_cv_header_sys_types_h=yes
ac_cv_header_syslog_h=yes
ac_cv_header_unistd_h=yes
ac_cv_host=aarch64-unknown-linux-gnu
ac_cv_lib_crypto_EVP_DigestFinal_ex=yes
ac_cv_lib_jansson_json_loads=yes
ac_cv_lib_pthread_pthread_create=yes
ac_cv_lib_ssl_SSL_free=yes
ac_cv_lib_z_gzopen=no
ac_cv_objext=o
ac_cv_path_EGREP='/usr/bin/grep -E'
ac_cv_path_GREP=/usr/bin/grep
ac_cv_path__libcurl_config=/usr/bin/curl-config
ac_cv_path_install='/usr/bin/install -c'
ac_cv_path_mkdir=/usr/bin/mkdir
ac_cv_prog_AWK=mawk
ac_cv_prog_CPP='gcc -E'
ac_cv_prog_ac_ct_CC=gcc
ac_cv_prog_ac_ct_CXX=g++
ac_cv_prog_ac_ct_RANLIB=ranlib
ac_cv_prog_c_openmp=-fopenmp
ac_cv_prog_cc_c89=
ac_cv_prog_cc_c99=
ac_cv_prog_cc_g=yes
ac_cv_prog_cxx_g=yes
ac_cv_prog_gcc_traditional=no
ac_cv_prog_make_make_set=yes
ac_cv_target=aarch64-unknown-linux-gnu
ac_cv_type_size_t=yes
ac_cv_working_alloca_h=yes
am_cv_CCAS_dependencies_compiler_type=gcc3
am_cv_CC_dependencies_compiler_type=gcc3
am_cv_CXX_dependencies_compiler_type=gcc3
am_cv_make_support_nested_variables=yes
am_cv_prog_cc_c_o=yes
libcurl_cv_lib_curl_usable=yes
libcurl_cv_lib_curl_version=7.74.0
libcurl_cv_lib_version_ok=yes

## ----------------- ##
## Output variables. ##
## ----------------- ##

ACLOCAL='${SHELL} '\''/root/ccminer/missing'\'' aclocal-1.16'
ALLOCA=''
AMDEPBACKSLASH='\'
AMDEP_FALSE='#'
AMDEP_TRUE=''
AMTAR='$${TAR-tar}'
AM_BACKSLASH='\'
AM_DEFAULT_V='$(AM_DEFAULT_VERBOSITY)'
AM_DEFAULT_VERBOSITY='1'
AM_V='$(V)'
ARCH_x86_64_FALSE=''
ARCH_x86_64_TRUE='#'
ARCH_x86_FALSE=''
ARCH_x86_TRUE='#'
AUTOCONF='${SHELL} '\''/root/ccminer/missing'\'' autoconf'
AUTOHEADER='${SHELL} '\''/root/ccminer/missing'\'' autoheader'
AUTOMAKE='${SHELL} '\''/root/ccminer/missing'\'' automake-1.16'
AWK='mawk'
CC='gcc'
CCAS='gcc'
CCASDEPMODE='depmode=gcc3'
CCASFLAGS='-O3'
CCDEPMODE='depmode=gcc3'
CFLAGS='-O3'
CPP='gcc -E'
CPPFLAGS=''
CUDA_CFLAGS=''
CUDA_INCLUDES='-I/usr/local/cuda/include'
CUDA_LDFLAGS='-L/usr/local/cuda/lib'
CUDA_LIBS='-lcudart -static-libstdc++'
CXX='g++'
CXXDEPMODE='depmode=gcc3'
CXXFLAGS='-O3 -D_REENTRANT -falign-functions=16 -falign-jumps=16 -falign-labels=16'
CYGPATH_W='echo'
DEFS='-DHAVE_CONFIG_H'
DEPDIR='.deps'
ECHO_C=''
ECHO_N='-n'
ECHO_T=''
EGREP='/usr/bin/grep -E'
EXEEXT=''
GREP='/usr/bin/grep'
HAVE_ANDROID_FALSE=''
HAVE_ANDROID_TRUE='#'
HAVE_NVML_FALSE=''
HAVE_NVML_TRUE='#'
HAVE_OSX_FALSE=''
HAVE_OSX_TRUE='#'
HAVE_WINDOWS_FALSE=''
HAVE_WINDOWS_TRUE='#'
INSTALL_DATA='${INSTALL} -m 644'
INSTALL_PROGRAM='${INSTALL}'
INSTALL_SCRIPT='${INSTALL}'
INSTALL_STRIP_PROGRAM='$(install_sh) -c -s'
JANSSON_LIBS='-ljansson'
LDFLAGS=''
LIBCURL='-lcurl'
LIBCURL_CPPFLAGS=''
LIBOBJS=''
LIBS='-lcrypto -lssl '
LTLIBOBJS=''
MAINT='#'
MAINTAINER_MODE_FALSE=''
MAINTAINER_MODE_TRUE='#'
MAKEINFO='${SHELL} '\''/root/ccminer/missing'\'' makeinfo'
MKDIR_P='/usr/bin/mkdir -p'
NVCC='nvcc'
NVML_LIBPATH=''
OBJEXT='o'
OPENMP_CFLAGS='-fopenmp'
PACKAGE='ccminer'
PACKAGE_BUGREPORT=''
PACKAGE_NAME='ccminer_CPU'
PACKAGE_STRING='ccminer_CPU 3.8.0'
PACKAGE_TARNAME='ccminer'
PACKAGE_URL='http://github.com/monkins1010/ccminer'
PACKAGE_VERSION='3.8.0'
PATH_SEPARATOR=':'
PTHREAD_FLAGS='-pthread'
PTHREAD_LIBS='-lpthread'
RANLIB='ranlib'
SET_MAKE=''
SHELL='/bin/bash'
STRIP=''
VERSION='3.8.0'
WANT_JANSSON_FALSE=''
WANT_JANSSON_TRUE='#'
WS2_LIBS=''
_libcurl_config=''
ac_ct_CC='gcc'
ac_ct_CXX='g++'
am__EXEEXT_FALSE=''
am__EXEEXT_TRUE='#'
am__fastdepCCAS_FALSE='#'
am__fastdepCCAS_TRUE=''
am__fastdepCC_FALSE='#'
am__fastdepCC_TRUE=''
am__fastdepCXX_FALSE='#'
am__fastdepCXX_TRUE=''
am__include='include'
am__isrc=''
am__leading_dot='.'
am__nodep='_no'
am__quote=''
am__tar='$${TAR-tar} chof - "$$tardir"'
am__untar='$${TAR-tar} xf -'
bindir='${exec_prefix}/bin'
build='aarch64-unknown-linux-gnu'
build_alias=''
build_cpu='aarch64'
build_os='linux-gnu'
build_vendor='unknown'
datadir='${datarootdir}'
datarootdir='${prefix}/share'
docdir='${datarootdir}/doc/${PACKAGE_TARNAME}'
dvidir='${docdir}'
exec_prefix='${prefix}'
host='aarch64-unknown-linux-gnu'
host_alias=''
host_cpu='aarch64'
host_os='linux-gnu'
host_vendor='unknown'
htmldir='${docdir}'
includedir='${prefix}/include'
infodir='${datarootdir}/info'
install_sh='${SHELL} /root/ccminer/install-sh'
libdir='${exec_prefix}/lib'
libexecdir='${exec_prefix}/libexec'
localedir='${datarootdir}/locale'
localstatedir='${prefix}/var'
mandir='${datarootdir}/man'
mkdir_p='$(MKDIR_P)'
oldincludedir='/usr/include'
pdfdir='${docdir}'
prefix='/usr/local'
program_transform_name='s,x,x,'
psdir='${docdir}'
runstatedir='${localstatedir}/run'
sbindir='${exec_prefix}/sbin'
sharedstatedir='${prefix}/com'
sysconfdir='${prefix}/etc'
target='aarch64-unknown-linux-gnu'
target_alias=''
target_cpu='aarch64'
target_os='linux-gnu'
target_vendor='unknown'

## ----------- ##
## confdefs.h. ##
## ----------- ##

/* confdefs.h */
#define PACKAGE_NAME "ccminer_CPU"
#define PACKAGE_TARNAME "ccminer"
#define PACKAGE_VERSION "3.8.0"
#define PACKAGE_STRING "ccminer_CPU 3.8.0"
#define PACKAGE_BUGREPORT ""
#define PACKAGE_URL "http://github.com/monkins1010/ccminer"
#define PACKAGE "ccminer"
#define VERSION "3.8.0"
#define STDC_HEADERS 1
#define HAVE_SYS_TYPES_H 1
#define HAVE_SYS_STAT_H 1
#define HAVE_STDLIB_H 1
#define HAVE_STRING_H 1
#define HAVE_MEMORY_H 1
#define HAVE_STRINGS_H 1
#define HAVE_INTTYPES_H 1
#define HAVE_STDINT_H 1
#define HAVE_UNISTD_H 1
#define HAVE_SYS_PARAM_H 1
#define HAVE_SYSLOG_H 1
#define HAVE_DECL_BE32DEC 0
#define HAVE_DECL_LE32DEC 0
#define HAVE_DECL_BE32ENC 0
#define HAVE_DECL_LE32ENC 0
#define HAVE_ALLOCA_H 1
#define HAVE_ALLOCA 1
#define HAVE_GETOPT_LONG 1
#define HAVE_LIBSSL 1
#define HAVE_LIBCRYPTO 1
#define HAVE_LIBCURL 1
#define LIBCURL_FEATURE_ASYNCHDNS 1
#define LIBCURL_FEATURE_GSS_API 1
#define LIBCURL_FEATURE_HTTP2 1
#define LIBCURL_FEATURE_HTTPS_PROXY 1
#define LIBCURL_FEATURE_IDN 1
#define LIBCURL_FEATURE_IPV6 1
#define LIBCURL_FEATURE_KERBEROS 1
#define LIBCURL_FEATURE_NTLM 1
#define LIBCURL_FEATURE_NTLM_WB 1
#define LIBCURL_FEATURE_PSL 1
#define LIBCURL_FEATURE_SPNEGO 1
#define LIBCURL_FEATURE_SSL 1
#define LIBCURL_FEATURE_TLS_SRP 1
#define LIBCURL_FEATURE_UNIXSOCKETS 1
#define LIBCURL_FEATURE_ALT_SVC 1
#define LIBCURL_FEATURE_BROTLI 1
#define LIBCURL_FEATURE_LIBZ 1
#define LIBCURL_PROTOCOL_DICT 1
#define LIBCURL_PROTOCOL_FILE 1
#define LIBCURL_PROTOCOL_FTP 1
#define LIBCURL_PROTOCOL_FTPS 1
#define LIBCURL_PROTOCOL_GOPHER 1
#define LIBCURL_PROTOCOL_HTTP 1
#define LIBCURL_PROTOCOL_HTTPS 1
#define LIBCURL_PROTOCOL_IMAP 1
#define LIBCURL_PROTOCOL_IMAPS 1
#define LIBCURL_PROTOCOL_LDAP 1
#define LIBCURL_PROTOCOL_LDAPS 1
#define LIBCURL_PROTOCOL_MQTT 1
#define LIBCURL_PROTOCOL_POP3 1
#define LIBCURL_PROTOCOL_POP3S 1
#define LIBCURL_PROTOCOL_RTMP 1
#define LIBCURL_PROTOCOL_RTSP 1
#define LIBCURL_PROTOCOL_SCP 1
#define LIBCURL_PROTOCOL_SFTP 1
#define LIBCURL_PROTOCOL_SMB 1
#define LIBCURL_PROTOCOL_SMBS 1
#define LIBCURL_PROTOCOL_SMTP 1
#define LIBCURL_PROTOCOL_SMTPS 1
#define LIBCURL_PROTOCOL_TELNET 1
#define LIBCURL_PROTOCOL_TFTP 1

configure: exit 0
